

Started GET "/" for ::1 at 2015-05-08 23:39:05 -0400
Processing by Rails::WelcomeController#index as HTML
  Rendered /Library/Ruby/Gems/2.0.0/gems/railties-4.2.1/lib/rails/templates/rails/welcome/index.html.erb (10.7ms)
Completed 200 OK in 59ms (Views: 28.6ms | ActiveRecord: 0.0ms)


Started GET "/" for ::1 at 2015-05-09 00:54:10 -0400
Processing by Rails::WelcomeController#index as HTML
  Rendered /Library/Ruby/Gems/2.0.0/gems/railties-4.2.1/lib/rails/templates/rails/welcome/index.html.erb (1.4ms)
Completed 200 OK in 73ms (Views: 41.4ms | ActiveRecord: 0.0ms)


Started GET "/" for ::1 at 2015-05-09 21:58:56 -0400
Processing by Rails::WelcomeController#index as HTML
  Rendered /Library/Ruby/Gems/2.0.0/gems/railties-4.2.1/lib/rails/templates/rails/welcome/index.html.erb (1.7ms)
Completed 200 OK in 84ms (Views: 42.1ms | ActiveRecord: 0.0ms)


Started GET "/" for ::1 at 2015-05-09 22:01:07 -0400
Processing by WelcomeController#index as HTML
  Rendered welcome/index.html.erb within layouts/application (0.9ms)
Completed 200 OK in 1659ms (Views: 1641.9ms | ActiveRecord: 0.0ms)


Started GET "/assets/welcome.self-e3b0c44298fc1c149afbf4c8996fb92427ae41e4649b934ca495991b7852b855.css?body=1" for ::1 at 2015-05-09 22:01:08 -0400


Started GET "/assets/turbolinks.self-c37727e9bd6b2735da5c311aa83fead54ed0be6cc8bd9a65309e9c5abe2cbfff.js?body=1" for ::1 at 2015-05-09 22:01:08 -0400


Started GET "/assets/application.self-3b8dabdc891efe46b9a144b400ad69e37d7e5876bdc39dee783419a69d7ca819.js?body=1" for ::1 at 2015-05-09 22:01:08 -0400


Started GET "/assets/jquery.self-d03a5518f45df77341bdbe6201ba3bfa547ebba8ed64f0ea56bfa5f96ea7c074.js?body=1" for ::1 at 2015-05-09 22:01:08 -0400


Started GET "/assets/welcome.self-877aef30ae1b040ab8a3aba4e3e309a11d7f2612f44dde450b5c157aa5f95c05.js?body=1" for ::1 at 2015-05-09 22:01:08 -0400


Started GET "/assets/jquery_ujs.self-8e98a7a072a6cee1372d19fff9ff3e6aa1e39a37d89d6f06861637d061113ee7.js?body=1" for ::1 at 2015-05-09 22:01:08 -0400


Started GET "/assets/application.self-e80e8f2318043e8af94dddc2adad5a4f09739a8ebb323b3ab31cd71d45fd9113.css?body=1" for ::1 at 2015-05-09 22:01:08 -0400


Started GET "/" for ::1 at 2015-05-09 22:08:05 -0400
Processing by WelcomeController#index as HTML
  Rendered welcome/index.html.erb within layouts/application (0.8ms)
Completed 500 Internal Server Error in 3ms (ActiveRecord: 0.0ms)

SyntaxError (/Users/Wimsy/Documents/CodeCommandos/app/views/welcome/index.html.erb:8: syntax error, unexpected ',', expecting ')'
...er.append=( email_field (:user, :address) );@output_buffer.s...
...                               ^):
  app/views/welcome/index.html.erb:8: syntax error, unexpected ',', expecting ')'


  Rendered /Library/Ruby/Gems/2.0.0/gems/actionpack-4.2.1/lib/action_dispatch/middleware/templates/rescues/_source.erb (6.1ms)
  Rendered /Library/Ruby/Gems/2.0.0/gems/actionpack-4.2.1/lib/action_dispatch/middleware/templates/rescues/_trace.html.erb (2.1ms)
  Rendered /Library/Ruby/Gems/2.0.0/gems/actionpack-4.2.1/lib/action_dispatch/middleware/templates/rescues/_request_and_response.html.erb (3.1ms)
  Rendered /Library/Ruby/Gems/2.0.0/gems/actionpack-4.2.1/lib/action_dispatch/middleware/templates/rescues/diagnostics.html.erb within rescues/layout (24.6ms)
  Rendered /Library/Ruby/Gems/2.0.0/gems/web-console-2.1.2/lib/web_console/templates/_markup.html.erb (0.4ms)
  Rendered /Library/Ruby/Gems/2.0.0/gems/web-console-2.1.2/lib/web_console/templates/style.css.erb within layouts/inlined_string (0.3ms)
  Rendered /Library/Ruby/Gems/2.0.0/gems/web-console-2.1.2/lib/web_console/templates/_inner_console_markup.html.erb within layouts/inlined_string (0.2ms)
  Rendered /Library/Ruby/Gems/2.0.0/gems/web-console-2.1.2/lib/web_console/templates/_prompt_box_markup.html.erb within layouts/inlined_string (0.3ms)
  Rendered /Library/Ruby/Gems/2.0.0/gems/web-console-2.1.2/lib/web_console/templates/console.js.erb within layouts/javascript (15.1ms)
  Rendered /Library/Ruby/Gems/2.0.0/gems/web-console-2.1.2/lib/web_console/templates/main.js.erb within layouts/javascript (0.3ms)
  Rendered /Library/Ruby/Gems/2.0.0/gems/web-console-2.1.2/lib/web_console/templates/error_page.js.erb within layouts/javascript (0.4ms)
  Rendered /Library/Ruby/Gems/2.0.0/gems/web-console-2.1.2/lib/web_console/templates/index.html.erb (70.4ms)


Started GET "/" for ::1 at 2015-05-09 22:08:27 -0400
Processing by WelcomeController#index as HTML
  Rendered welcome/index.html.erb within layouts/application (7.6ms)
Completed 500 Internal Server Error in 10ms (ActiveRecord: 0.0ms)

ActionView::Template::Error (undefined local variable or method `f' for #<#<Class:0x007ff8f26d3c68>:0x007ff8f594a0c0>):
    4: 
    5: <p>Sign in</p>
    6: 
    7: <%= f.label :email %>
    8: <%= email_field(:user, :address) %>
    9: 
   10: <p> New to Code Commandos? Sign up here!</p>
  app/views/welcome/index.html.erb:7:in `_app_views_welcome_index_html_erb__232185409610475914_70353624417960'


  Rendered /Library/Ruby/Gems/2.0.0/gems/actionpack-4.2.1/lib/action_dispatch/middleware/templates/rescues/_source.erb (5.3ms)
  Rendered /Library/Ruby/Gems/2.0.0/gems/actionpack-4.2.1/lib/action_dispatch/middleware/templates/rescues/_trace.html.erb (2.1ms)
  Rendered /Library/Ruby/Gems/2.0.0/gems/actionpack-4.2.1/lib/action_dispatch/middleware/templates/rescues/_request_and_response.html.erb (0.6ms)
  Rendered /Library/Ruby/Gems/2.0.0/gems/actionpack-4.2.1/lib/action_dispatch/middleware/templates/rescues/template_error.html.erb within rescues/layout (18.4ms)
  Rendered /Library/Ruby/Gems/2.0.0/gems/web-console-2.1.2/lib/web_console/templates/_markup.html.erb (0.2ms)
  Rendered /Library/Ruby/Gems/2.0.0/gems/web-console-2.1.2/lib/web_console/templates/style.css.erb within layouts/inlined_string (0.2ms)
  Rendered /Library/Ruby/Gems/2.0.0/gems/web-console-2.1.2/lib/web_console/templates/_inner_console_markup.html.erb within layouts/inlined_string (0.2ms)
  Rendered /Library/Ruby/Gems/2.0.0/gems/web-console-2.1.2/lib/web_console/templates/_prompt_box_markup.html.erb within layouts/inlined_string (0.2ms)
  Rendered /Library/Ruby/Gems/2.0.0/gems/web-console-2.1.2/lib/web_console/templates/console.js.erb within layouts/javascript (11.3ms)
  Rendered /Library/Ruby/Gems/2.0.0/gems/web-console-2.1.2/lib/web_console/templates/main.js.erb within layouts/javascript (0.2ms)
  Rendered /Library/Ruby/Gems/2.0.0/gems/web-console-2.1.2/lib/web_console/templates/error_page.js.erb within layouts/javascript (0.3ms)
  Rendered /Library/Ruby/Gems/2.0.0/gems/web-console-2.1.2/lib/web_console/templates/index.html.erb (24.0ms)


Started GET "/" for ::1 at 2015-05-09 22:08:59 -0400
Processing by WelcomeController#index as HTML
  Rendered welcome/index.html.erb within layouts/application (40.7ms)
Completed 200 OK in 58ms (Views: 57.7ms | ActiveRecord: 0.0ms)


Started GET "/assets/welcome.self-e3b0c44298fc1c149afbf4c8996fb92427ae41e4649b934ca495991b7852b855.css?body=1" for ::1 at 2015-05-09 22:09:00 -0400


Started GET "/assets/welcome.self-877aef30ae1b040ab8a3aba4e3e309a11d7f2612f44dde450b5c157aa5f95c05.js?body=1" for ::1 at 2015-05-09 22:09:00 -0400


Started GET "/assets/jquery_ujs.self-8e98a7a072a6cee1372d19fff9ff3e6aa1e39a37d89d6f06861637d061113ee7.js?body=1" for ::1 at 2015-05-09 22:09:00 -0400


Started GET "/assets/application.self-3b8dabdc891efe46b9a144b400ad69e37d7e5876bdc39dee783419a69d7ca819.js?body=1" for ::1 at 2015-05-09 22:09:00 -0400


Started GET "/assets/turbolinks.self-c37727e9bd6b2735da5c311aa83fead54ed0be6cc8bd9a65309e9c5abe2cbfff.js?body=1" for ::1 at 2015-05-09 22:09:00 -0400


Started GET "/assets/application.self-e80e8f2318043e8af94dddc2adad5a4f09739a8ebb323b3ab31cd71d45fd9113.css?body=1" for ::1 at 2015-05-09 22:09:00 -0400


Started GET "/assets/jquery.self-d03a5518f45df77341bdbe6201ba3bfa547ebba8ed64f0ea56bfa5f96ea7c074.js?body=1" for ::1 at 2015-05-09 22:09:00 -0400


Started GET "/" for ::1 at 2015-05-09 22:16:20 -0400
Processing by WelcomeController#index as HTML
  Rendered welcome/index.html.erb within layouts/application (54.1ms)
Completed 500 Internal Server Error in 56ms (ActiveRecord: 0.0ms)

ActionView::Template::Error (undefined local variable or method `f' for #<#<Class:0x007ff8f26d3c68>:0x007ff8f3703610>):
    4: 
    5: <p>Sign in</p>
    6: 
    7: <%- f.label :email%>
    8: <p>Email</p><%= email_field(:user, :address) %>
    9: <%- f.label :password %>
   10: <p>Password</p><%= password_field_tag(:password)%>
  app/views/welcome/index.html.erb:7:in `_app_views_welcome_index_html_erb__232185409610475914_70353606414800'


  Rendered /Library/Ruby/Gems/2.0.0/gems/actionpack-4.2.1/lib/action_dispatch/middleware/templates/rescues/_source.erb (5.7ms)
  Rendered /Library/Ruby/Gems/2.0.0/gems/actionpack-4.2.1/lib/action_dispatch/middleware/templates/rescues/_trace.html.erb (2.1ms)
  Rendered /Library/Ruby/Gems/2.0.0/gems/actionpack-4.2.1/lib/action_dispatch/middleware/templates/rescues/_request_and_response.html.erb (0.8ms)
  Rendered /Library/Ruby/Gems/2.0.0/gems/actionpack-4.2.1/lib/action_dispatch/middleware/templates/rescues/template_error.html.erb within rescues/layout (18.2ms)
  Rendered /Library/Ruby/Gems/2.0.0/gems/web-console-2.1.2/lib/web_console/templates/_markup.html.erb (0.2ms)
  Rendered /Library/Ruby/Gems/2.0.0/gems/web-console-2.1.2/lib/web_console/templates/style.css.erb within layouts/inlined_string (0.3ms)
  Rendered /Library/Ruby/Gems/2.0.0/gems/web-console-2.1.2/lib/web_console/templates/_inner_console_markup.html.erb within layouts/inlined_string (0.3ms)
  Rendered /Library/Ruby/Gems/2.0.0/gems/web-console-2.1.2/lib/web_console/templates/_prompt_box_markup.html.erb within layouts/inlined_string (0.3ms)
  Rendered /Library/Ruby/Gems/2.0.0/gems/web-console-2.1.2/lib/web_console/templates/console.js.erb within layouts/javascript (12.7ms)
  Rendered /Library/Ruby/Gems/2.0.0/gems/web-console-2.1.2/lib/web_console/templates/main.js.erb within layouts/javascript (0.3ms)
  Rendered /Library/Ruby/Gems/2.0.0/gems/web-console-2.1.2/lib/web_console/templates/error_page.js.erb within layouts/javascript (0.3ms)
  Rendered /Library/Ruby/Gems/2.0.0/gems/web-console-2.1.2/lib/web_console/templates/index.html.erb (25.5ms)


Started GET "/" for ::1 at 2015-05-09 22:17:07 -0400
Processing by WelcomeController#index as HTML
  Rendered welcome/index.html.erb within layouts/application (0.5ms)
Completed 200 OK in 18ms (Views: 17.7ms | ActiveRecord: 0.0ms)


Started GET "/assets/welcome.self-e3b0c44298fc1c149afbf4c8996fb92427ae41e4649b934ca495991b7852b855.css?body=1" for ::1 at 2015-05-09 22:17:07 -0400


Started GET "/assets/application.self-3b8dabdc891efe46b9a144b400ad69e37d7e5876bdc39dee783419a69d7ca819.js?body=1" for ::1 at 2015-05-09 22:17:07 -0400


Started GET "/assets/turbolinks.self-c37727e9bd6b2735da5c311aa83fead54ed0be6cc8bd9a65309e9c5abe2cbfff.js?body=1" for ::1 at 2015-05-09 22:17:07 -0400


Started GET "/assets/jquery.self-d03a5518f45df77341bdbe6201ba3bfa547ebba8ed64f0ea56bfa5f96ea7c074.js?body=1" for ::1 at 2015-05-09 22:17:07 -0400


Started GET "/assets/application.self-e80e8f2318043e8af94dddc2adad5a4f09739a8ebb323b3ab31cd71d45fd9113.css?body=1" for ::1 at 2015-05-09 22:17:07 -0400


Started GET "/assets/jquery_ujs.self-8e98a7a072a6cee1372d19fff9ff3e6aa1e39a37d89d6f06861637d061113ee7.js?body=1" for ::1 at 2015-05-09 22:17:07 -0400


Started GET "/assets/welcome.self-877aef30ae1b040ab8a3aba4e3e309a11d7f2612f44dde450b5c157aa5f95c05.js?body=1" for ::1 at 2015-05-09 22:17:07 -0400


Started GET "/" for ::1 at 2015-05-09 22:32:19 -0400
Processing by WelcomeController#index as HTML
  Rendered welcome/index.html.erb within layouts/application (0.5ms)
Completed 200 OK in 18ms (Views: 17.6ms | ActiveRecord: 0.0ms)


Started GET "/assets/welcome.self-e3b0c44298fc1c149afbf4c8996fb92427ae41e4649b934ca495991b7852b855.css?body=1" for ::1 at 2015-05-09 22:32:19 -0400


Started GET "/assets/welcome.self-877aef30ae1b040ab8a3aba4e3e309a11d7f2612f44dde450b5c157aa5f95c05.js?body=1" for ::1 at 2015-05-09 22:32:19 -0400


Started GET "/assets/jquery_ujs.self-8e98a7a072a6cee1372d19fff9ff3e6aa1e39a37d89d6f06861637d061113ee7.js?body=1" for ::1 at 2015-05-09 22:32:19 -0400


Started GET "/assets/jquery.self-d03a5518f45df77341bdbe6201ba3bfa547ebba8ed64f0ea56bfa5f96ea7c074.js?body=1" for ::1 at 2015-05-09 22:32:19 -0400


Started GET "/assets/application.self-3b8dabdc891efe46b9a144b400ad69e37d7e5876bdc39dee783419a69d7ca819.js?body=1" for ::1 at 2015-05-09 22:32:19 -0400


Started GET "/assets/turbolinks.self-c37727e9bd6b2735da5c311aa83fead54ed0be6cc8bd9a65309e9c5abe2cbfff.js?body=1" for ::1 at 2015-05-09 22:32:19 -0400


Started GET "/assets/application.self-e80e8f2318043e8af94dddc2adad5a4f09739a8ebb323b3ab31cd71d45fd9113.css?body=1" for ::1 at 2015-05-09 22:32:19 -0400


Started GET "/" for ::1 at 2015-05-09 23:22:43 -0400
Processing by WelcomeController#index as HTML
  Rendered welcome/index.html.erb within layouts/application (53.7ms)
Completed 200 OK in 795ms (Views: 755.3ms | ActiveRecord: 0.0ms)


Started GET "/assets/application.self-e80e8f2318043e8af94dddc2adad5a4f09739a8ebb323b3ab31cd71d45fd9113.css?body=1" for ::1 at 2015-05-09 23:22:45 -0400


Started GET "/assets/turbolinks.self-c37727e9bd6b2735da5c311aa83fead54ed0be6cc8bd9a65309e9c5abe2cbfff.js?body=1" for ::1 at 2015-05-09 23:22:45 -0400


Started GET "/assets/welcome.self-e3b0c44298fc1c149afbf4c8996fb92427ae41e4649b934ca495991b7852b855.css?body=1" for ::1 at 2015-05-09 23:22:45 -0400


Started GET "/assets/welcome.self-877aef30ae1b040ab8a3aba4e3e309a11d7f2612f44dde450b5c157aa5f95c05.js?body=1" for ::1 at 2015-05-09 23:22:45 -0400


Started GET "/assets/jquery_ujs.self-8e98a7a072a6cee1372d19fff9ff3e6aa1e39a37d89d6f06861637d061113ee7.js?body=1" for ::1 at 2015-05-09 23:22:45 -0400


Started GET "/assets/jquery.self-d03a5518f45df77341bdbe6201ba3bfa547ebba8ed64f0ea56bfa5f96ea7c074.js?body=1" for ::1 at 2015-05-09 23:22:45 -0400


Started GET "/assets/application.self-3b8dabdc891efe46b9a144b400ad69e37d7e5876bdc39dee783419a69d7ca819.js?body=1" for ::1 at 2015-05-09 23:22:45 -0400
